[FATAL] 2024-01-01 13:42:56.184 [main] StepDef -setup1 executed...
[INFO ] 2024-01-01 13:42:56.239 [main] StepDef -browser launched.
[INFO ] 2024-01-01 13:43:00.232 [main] StepDef -entered url...
[INFO ] 2024-01-01 13:43:00.590 [main] StepDef -User enterted email and password
[INFO ] 2024-01-01 13:43:03.279 [main] StepDef -user logged in...
[INFO ] 2024-01-01 13:43:11.093 [main] StepDef -browser launched.
[FATAL] 2024-01-01 13:43:12.443 [main] StepDef -setup1 executed...
[INFO ] 2024-01-01 13:43:12.449 [main] StepDef -browser launched.
[INFO ] 2024-01-01 13:43:16.568 [main] StepDef -entered url...
[INFO ] 2024-01-01 13:43:16.911 [main] StepDef -User enterted email and password
[INFO ] 2024-01-01 13:43:19.003 [main] StepDef -user logged in...
[WARN ] 2024-01-01 13:43:19.312 [main] StepDef -Page Title did not match...
[INFO ] 2024-01-01 13:43:22.072 [main] StepDef -User logged out.....
[WARN ] 2024-01-01 13:43:22.146 [main] StepDef -Page Title did not match...
[INFO ] 2024-01-01 13:43:22.692 [main] StepDef -browser launched.
[FATAL] 2024-01-01 13:47:10.391 [main] StepDef -setup1 executed...
[INFO ] 2024-01-01 13:47:10.459 [main] StepDef -browser launched.
[INFO ] 2024-01-01 13:47:14.619 [main] StepDef -entered url...
[INFO ] 2024-01-01 13:47:14.983 [main] StepDef -User enterted email and password
[INFO ] 2024-01-01 13:47:19.634 [main] StepDef -user logged in...
[INFO ] 2024-01-01 13:47:27.968 [main] StepDef -browser launched.
[FATAL] 2024-01-01 13:52:52.361 [main] StepDef -setup1 executed...
[INFO ] 2024-01-01 13:52:52.415 [main] StepDef -browser launched.
[INFO ] 2024-01-01 13:52:57.113 [main] StepDef -entered url...
[INFO ] 2024-01-01 13:52:57.457 [main] StepDef -User enterted email and password
[INFO ] 2024-01-01 13:53:01.988 [main] StepDef -user logged in...
[INFO ] 2024-01-01 13:53:10.222 [main] StepDef -browser launched.
[FATAL] 2024-01-01 14:17:55.576 [main] StepDef -setup1 executed...
[INFO ] 2024-01-01 14:17:59.535 [main] StepDef -entered url...
[INFO ] 2024-01-01 14:17:59.922 [main] StepDef -User enterted email and password
[INFO ] 2024-01-01 14:18:05.584 [main] StepDef -user logged in...
[WARN ] 2024-01-01 14:18:06.414 [main] StepDef -Page Title did not match...
[INFO ] 2024-01-01 14:18:08.664 [main] StepDef -User logged out.....
[WARN ] 2024-01-01 14:18:08.734 [main] StepDef -Page Title did not match...
[FATAL] 2024-01-01 14:44:17.156 [main] StepDef -setup1 executed...
[INFO ] 2024-01-01 14:44:21.152 [main] StepDef -entered url...
[INFO ] 2024-01-01 14:44:21.502 [main] StepDef -User enterted email and password
[INFO ] 2024-01-01 14:44:25.554 [main] StepDef -user logged in...
[WARN ] 2024-01-01 14:44:26.962 [main] StepDef -Page Title did not match...
[INFO ] 2024-01-01 14:44:28.393 [main] StepDef -User logged out.....
[WARN ] 2024-01-01 14:44:28.459 [main] StepDef -Page Title did not match...
[FATAL] 2024-01-01 14:47:30.561 [main] StepDef -setup1 executed...
[INFO ] 2024-01-01 14:47:35.184 [main] StepDef -entered url...
[INFO ] 2024-01-01 14:47:35.578 [main] StepDef -User enterted email and password
[INFO ] 2024-01-01 14:47:49.804 [main] StepDef -user logged in...
[FATAL] 2024-01-01 14:52:15.724 [main] StepDef -setup1 executed...
[INFO ] 2024-01-01 14:52:20.834 [main] StepDef -entered url...
[INFO ] 2024-01-01 14:52:21.200 [main] StepDef -User enterted email and password
[INFO ] 2024-01-01 14:52:23.748 [main] StepDef -user logged in...
[FATAL] 2024-01-01 14:52:33.415 [main] StepDef -setup1 executed...
[INFO ] 2024-01-01 14:52:44.619 [main] StepDef -entered url...
[INFO ] 2024-01-01 14:52:45.010 [main] StepDef -User enterted email and password
[INFO ] 2024-01-01 14:52:49.147 [main] StepDef -user logged in...
[WARN ] 2024-01-01 14:52:49.972 [main] StepDef -Page Title did not match...
[INFO ] 2024-01-01 14:52:52.337 [main] StepDef -User logged out.....
[WARN ] 2024-01-01 14:52:52.409 [main] StepDef -Page Title did not match...
[FATAL] 2024-01-01 14:57:38.914 [main] StepDef -setup1 executed...
[INFO ] 2024-01-01 14:57:42.795 [main] StepDef -entered url...
[INFO ] 2024-01-01 14:57:43.215 [main] StepDef -User enterted email and password
[INFO ] 2024-01-01 14:57:46.023 [main] StepDef -user logged in...
[WARN ] 2024-01-01 14:57:47.590 [main] StepDef -Page Title did not match...
[INFO ] 2024-01-01 14:57:48.945 [main] StepDef -User logged out.....
[WARN ] 2024-01-01 14:57:49.028 [main] StepDef -Page Title did not match...
[FATAL] 2024-01-01 14:59:50.830 [main] StepDef -setup1 executed...
[INFO ] 2024-01-01 14:59:55.772 [main] StepDef -entered url...
[INFO ] 2024-01-01 14:59:56.145 [main] StepDef -User enterted email and password
[INFO ] 2024-01-01 15:00:00.470 [main] StepDef -user logged in...
[FATAL] 2024-01-01 15:00:10.678 [main] StepDef -setup1 executed...
[INFO ] 2024-01-01 15:00:23.702 [main] StepDef -entered url...
[INFO ] 2024-01-01 15:00:24.139 [main] StepDef -User enterted email and password
[INFO ] 2024-01-01 15:00:27.860 [main] StepDef -user logged in...
[WARN ] 2024-01-01 15:00:30.032 [main] StepDef -Page Title did not match...
[INFO ] 2024-01-01 15:00:38.623 [main] StepDef -User logged out.....
[WARN ] 2024-01-01 15:00:38.733 [main] StepDef -Page Title did not match...
[FATAL] 2024-01-01 15:01:21.178 [main] StepDef -setup1 executed...
[INFO ] 2024-01-01 15:01:25.709 [main] StepDef -entered url...
[INFO ] 2024-01-01 15:01:26.209 [main] StepDef -User enterted email and password
[INFO ] 2024-01-01 15:01:30.822 [main] StepDef -user logged in...
[FATAL] 2024-01-01 15:07:12.310 [main] StepDef -setup1 executed...
[INFO ] 2024-01-01 15:07:15.643 [main] StepDef -entered url...
[INFO ] 2024-01-01 15:07:16.011 [main] StepDef -User enterted email and password
[INFO ] 2024-01-01 15:07:20.033 [main] StepDef -user logged in...
[FATAL] 2024-01-01 15:07:28.995 [main] StepDef -setup1 executed...
[INFO ] 2024-01-01 15:07:33.461 [main] StepDef -entered url...
[INFO ] 2024-01-01 15:07:33.804 [main] StepDef -User enterted email and password
[INFO ] 2024-01-01 15:07:38.474 [main] StepDef -user logged in...
[WARN ] 2024-01-01 15:07:39.911 [main] StepDef -Page Title did not match...
[INFO ] 2024-01-01 15:07:41.304 [main] StepDef -User logged out.....
[WARN ] 2024-01-01 15:07:41.374 [main] StepDef -Page Title did not match...
[FATAL] 2024-01-01 15:18:20.743 [main] StepDef -setup1 executed...
[INFO ] 2024-01-01 15:18:24.299 [main] StepDef -entered url...
[INFO ] 2024-01-01 15:18:24.674 [main] StepDef -User enterted email and password
[INFO ] 2024-01-01 15:18:29.578 [main] StepDef -user logged in...
[WARN ] 2024-01-01 15:18:30.379 [main] StepDef -Page Title did not match...
[INFO ] 2024-01-01 15:18:32.406 [main] StepDef -User logged out.....
[WARN ] 2024-01-01 15:18:32.476 [main] StepDef -Page Title did not match...
[INFO ] 2024-01-01 15:18:32.796 [main] StepDef -Browser closed....
[FATAL] 2024-01-01 15:18:54.651 [main] StepDef -setup1 executed...
[INFO ] 2024-01-01 15:18:57.408 [main] StepDef -entered url...
[INFO ] 2024-01-01 15:18:57.849 [main] StepDef -User enterted email and password
[INFO ] 2024-01-01 15:19:00.281 [main] StepDef -user logged in...
[INFO ] 2024-01-01 15:19:07.610 [main] StepDef -Browser closed....
[FATAL] 2024-01-01 15:22:59.849 [main] StepDef -setup1 executed...
[INFO ] 2024-01-01 15:23:04.685 [main] StepDef -entered url...
[INFO ] 2024-01-01 15:23:06.170 [main] StepDef -User enterted email and password
[INFO ] 2024-01-01 15:23:18.541 [main] StepDef -user logged in...
[INFO ] 2024-01-01 15:23:25.833 [main] StepDef -Browser closed....
[FATAL] 2024-01-01 15:31:58.174 [main] StepDef -setup1 executed...
[INFO ] 2024-01-01 15:32:01.983 [main] StepDef -entered url...
[INFO ] 2024-01-01 15:32:02.351 [main] StepDef -User enterted email and password
[INFO ] 2024-01-01 15:32:06.920 [main] StepDef -user logged in...
[INFO ] 2024-01-01 15:32:15.814 [main] StepDef -Browser closed....
[FATAL] 2024-01-01 15:32:17.680 [main] StepDef -setup1 executed...
[INFO ] 2024-01-01 15:32:28.307 [main] StepDef -entered url...
[INFO ] 2024-01-01 15:32:28.663 [main] StepDef -User enterted email and password
[INFO ] 2024-01-01 15:32:32.407 [main] StepDef -user logged in...
[WARN ] 2024-01-01 15:32:34.788 [main] StepDef -Page Title did not match...
[INFO ] 2024-01-01 15:32:36.307 [main] StepDef -User logged out.....
[WARN ] 2024-01-01 15:32:36.385 [main] StepDef -Page Title did not match...
[INFO ] 2024-01-01 15:32:36.533 [main] StepDef -Browser closed....
[FATAL] 2024-01-01 15:35:29.825 [main] StepDef -setup1 executed...
[INFO ] 2024-01-01 15:35:33.722 [main] StepDef -entered url...
[INFO ] 2024-01-01 15:35:34.082 [main] StepDef -User enterted email and password
[INFO ] 2024-01-01 15:35:38.603 [main] StepDef -user logged in...
[INFO ] 2024-01-01 15:35:46.729 [main] StepDef -Browser closed....
[FATAL] 2024-01-01 15:35:48.142 [main] StepDef -setup1 executed...
[INFO ] 2024-01-01 15:35:51.996 [main] StepDef -entered url...
[INFO ] 2024-01-01 15:35:52.441 [main] StepDef -User enterted email and password
[INFO ] 2024-01-01 15:35:56.546 [main] StepDef -user logged in...
[WARN ] 2024-01-01 15:35:58.326 [main] StepDef -Page Title did not match...
[INFO ] 2024-01-01 15:36:00.083 [main] StepDef -User logged out.....
[WARN ] 2024-01-01 15:36:00.156 [main] StepDef -Page Title did not match...
[INFO ] 2024-01-01 15:36:00.373 [main] StepDef -Browser closed....
[FATAL] 2024-01-01 15:38:44.347 [main] StepDef -setup1 executed...
[INFO ] 2024-01-01 15:38:55.589 [main] StepDef -entered url...
[INFO ] 2024-01-01 15:38:55.949 [main] StepDef -User enterted email and password
[INFO ] 2024-01-01 15:39:00.330 [main] StepDef -user logged in...
[WARN ] 2024-01-01 15:39:01.781 [main] StepDef -Page Title did not match...
[INFO ] 2024-01-01 15:39:03.213 [main] StepDef -User logged out.....
[WARN ] 2024-01-01 15:39:03.306 [main] StepDef -Page Title did not match...
[INFO ] 2024-01-01 15:39:03.624 [main] StepDef -Browser closed....
[FATAL] 2024-01-01 15:46:12.916 [main] StepDef -setup1 executed...
[INFO ] 2024-01-01 15:46:16.760 [main] StepDef -entered url...
[INFO ] 2024-01-01 15:46:17.142 [main] StepDef -User enterted email and password
[INFO ] 2024-01-01 15:46:30.636 [main] StepDef -user logged in...
[INFO ] 2024-01-01 15:46:39.307 [main] StepDef -Browser closed....
[FATAL] 2024-01-01 15:46:40.694 [main] StepDef -setup1 executed...
[INFO ] 2024-01-01 15:46:50.789 [main] StepDef -entered url...
[INFO ] 2024-01-01 15:46:51.243 [main] StepDef -User enterted email and password
[INFO ] 2024-01-01 15:46:54.167 [main] StepDef -user logged in...
[INFO ] 2024-01-01 15:46:58.434 [main] StepDef -Browser closed....
[FATAL] 2024-01-01 15:47:00.060 [main] StepDef -setup1 executed...
[INFO ] 2024-01-01 15:47:06.624 [main] StepDef -entered url...
[INFO ] 2024-01-01 15:47:06.980 [main] StepDef -User enterted email and password
[INFO ] 2024-01-01 15:47:11.519 [main] StepDef -user logged in...
[WARN ] 2024-01-01 15:47:11.549 [main] StepDef -Page Title did not match...
[INFO ] 2024-01-01 15:47:14.712 [main] StepDef -User logged out.....
[FATAL] 2024-01-01 15:52:46.388 [main] StepDef -setup1 executed...
[INFO ] 2024-01-01 15:52:49.979 [main] StepDef -entered url...
[INFO ] 2024-01-01 15:52:50.342 [main] StepDef -User enterted email and password
[INFO ] 2024-01-01 15:52:54.735 [main] StepDef -user logged in...
[INFO ] 2024-01-01 15:53:03.111 [main] StepDef -Browser closed....
[FATAL] 2024-01-01 15:53:04.504 [main] StepDef -setup1 executed...
[INFO ] 2024-01-01 15:53:08.242 [main] StepDef -entered url...
[INFO ] 2024-01-01 15:53:08.665 [main] StepDef -User enterted email and password
[INFO ] 2024-01-01 15:53:10.978 [main] StepDef -user logged in...
[FATAL] 2024-01-01 15:53:12.579 [main] StepDef -setup1 executed...
[INFO ] 2024-01-01 15:53:16.728 [main] StepDef -entered url...
[INFO ] 2024-01-01 15:53:17.174 [main] StepDef -User enterted email and password
[INFO ] 2024-01-01 15:53:19.323 [main] StepDef -user logged in...
[WARN ] 2024-01-01 15:53:20.926 [main] StepDef -Page Title did not match...
[INFO ] 2024-01-01 15:53:22.768 [main] StepDef -User logged out.....
[WARN ] 2024-01-01 15:53:22.840 [main] StepDef -Page Title did not match...
[INFO ] 2024-01-01 15:53:23.030 [main] StepDef -Browser closed....
[FATAL] 2024-01-01 18:02:00.174 [main] StepDef -setup1 executed...
[INFO ] 2024-01-01 18:02:11.163 [main] StepDef -entered url...
[INFO ] 2024-01-01 18:02:11.708 [main] StepDef -User enterted email and password
[INFO ] 2024-01-01 18:02:15.292 [main] StepDef -user logged in...
[INFO ] 2024-01-01 18:02:26.337 [main] StepDef -Browser closed....
[FATAL] 2024-01-01 18:02:27.601 [main] StepDef -setup1 executed...
[INFO ] 2024-01-01 18:02:31.673 [main] StepDef -entered url...
[INFO ] 2024-01-01 18:02:32.006 [main] StepDef -User enterted email and password
[INFO ] 2024-01-01 18:02:34.189 [main] StepDef -user logged in...
[INFO ] 2024-01-01 18:02:38.152 [main] StepDef -Browser closed....
[FATAL] 2024-01-01 18:02:39.406 [main] StepDef -setup1 executed...
[INFO ] 2024-01-01 18:02:46.235 [main] StepDef -entered url...
[INFO ] 2024-01-01 18:02:46.583 [main] StepDef -User enterted email and password
[INFO ] 2024-01-01 18:02:50.064 [main] StepDef -user logged in...
[WARN ] 2024-01-01 18:02:50.085 [main] StepDef -Page Title did not match...
[INFO ] 2024-01-01 18:02:52.012 [main] StepDef -User logged out.....
[FATAL] 2024-01-01 18:08:47.419 [main] StepDef -setup1 executed...
[INFO ] 2024-01-01 18:08:51.526 [main] StepDef -entered url...
[INFO ] 2024-01-01 18:08:51.872 [main] StepDef -User enterted email and password
[INFO ] 2024-01-01 18:08:56.072 [main] StepDef -user logged in...
[INFO ] 2024-01-01 18:09:13.783 [main] StepDef -Browser closed....
[FATAL] 2024-01-01 18:09:15.152 [main] StepDef -setup1 executed...
[INFO ] 2024-01-01 18:09:19.502 [main] StepDef -entered url...
[INFO ] 2024-01-01 18:09:19.856 [main] StepDef -User enterted email and password
[INFO ] 2024-01-01 18:09:23.847 [main] StepDef -user logged in...
[INFO ] 2024-01-01 18:09:28.005 [main] StepDef -Browser closed....
[FATAL] 2024-01-01 18:09:29.237 [main] StepDef -setup1 executed...
[INFO ] 2024-01-01 18:09:39.597 [main] StepDef -entered url...
[INFO ] 2024-01-01 18:09:39.921 [main] StepDef -User enterted email and password
[INFO ] 2024-01-01 18:09:43.132 [main] StepDef -user logged in...
[WARN ] 2024-01-01 18:09:44.486 [main] StepDef -Page Title did not match...
[INFO ] 2024-01-01 18:09:46.327 [main] StepDef -User logged out.....
[WARN ] 2024-01-01 18:09:46.405 [main] StepDef -Page Title did not match...
[INFO ] 2024-01-01 18:09:46.565 [main] StepDef -Browser closed....
[FATAL] 2024-01-01 18:12:16.267 [main] StepDef -setup1 executed...
[INFO ] 2024-01-01 18:12:20.057 [main] StepDef -entered url...
[INFO ] 2024-01-01 18:12:20.723 [main] StepDef -User enterted email and password
[INFO ] 2024-01-01 18:12:23.124 [main] StepDef -user logged in...
[INFO ] 2024-01-01 18:12:31.615 [main] StepDef -Browser closed....
[FATAL] 2024-01-01 18:12:33.126 [main] StepDef -setup1 executed...
[INFO ] 2024-01-01 18:12:36.979 [main] StepDef -entered url...
[INFO ] 2024-01-01 18:12:37.495 [main] StepDef -User enterted email and password
[INFO ] 2024-01-01 18:12:42.188 [main] StepDef -user logged in...
[INFO ] 2024-01-01 18:12:47.513 [main] StepDef -Browser closed....
[FATAL] 2024-01-01 18:12:48.694 [main] StepDef -setup1 executed...
[INFO ] 2024-01-01 18:12:52.951 [main] StepDef -entered url...
[INFO ] 2024-01-01 18:12:53.393 [main] StepDef -User enterted email and password
[INFO ] 2024-01-01 18:12:56.793 [main] StepDef -user logged in...
[WARN ] 2024-01-01 18:12:58.213 [main] StepDef -Page Title did not match...
[INFO ] 2024-01-01 18:12:59.690 [main] StepDef -User logged out.....
[WARN ] 2024-01-01 18:12:59.857 [main] StepDef -Page Title did not match...
[INFO ] 2024-01-01 18:13:00.262 [main] StepDef -Browser closed....
[FATAL] 2024-01-01 18:16:57.141 [main] StepDef -setup1 executed...
[INFO ] 2024-01-01 18:17:01.138 [main] StepDef -entered url...
[INFO ] 2024-01-01 18:17:01.484 [main] StepDef -User enterted email and password
[INFO ] 2024-01-01 18:17:05.622 [main] StepDef -user logged in...
[INFO ] 2024-01-01 18:17:13.868 [main] StepDef -Browser closed....
[FATAL] 2024-01-01 18:17:15.038 [main] StepDef -setup1 executed...
[INFO ] 2024-01-01 18:17:26.803 [main] StepDef -entered url...
[INFO ] 2024-01-01 18:17:27.142 [main] StepDef -User enterted email and password
[INFO ] 2024-01-01 18:17:32.421 [main] StepDef -user logged in...
[INFO ] 2024-01-01 18:17:39.349 [main] StepDef -Browser closed....
[FATAL] 2024-01-01 18:17:40.515 [main] StepDef -setup1 executed...
[INFO ] 2024-01-01 18:17:47.701 [main] StepDef -entered url...
[INFO ] 2024-01-01 18:17:48.037 [main] StepDef -User enterted email and password
[INFO ] 2024-01-01 18:17:52.842 [main] StepDef -user logged in...
[WARN ] 2024-01-01 18:17:54.513 [main] StepDef -Page Title did not match...
[INFO ] 2024-01-01 18:17:56.155 [main] StepDef -User logged out.....
[WARN ] 2024-01-01 18:17:56.260 [main] StepDef -Page Title did not match...
[INFO ] 2024-01-01 18:17:56.513 [main] StepDef -Browser closed....
[FATAL] 2024-01-01 18:21:53.643 [main] StepDef -setup1 executed...
[INFO ] 2024-01-01 18:21:57.873 [main] StepDef -entered url...
[INFO ] 2024-01-01 18:21:58.208 [main] StepDef -User enterted email and password
[INFO ] 2024-01-01 18:22:02.097 [main] StepDef -user logged in...
[INFO ] 2024-01-01 18:22:10.026 [main] StepDef -Browser closed....
[FATAL] 2024-01-01 18:22:11.182 [main] StepDef -setup1 executed...
[INFO ] 2024-01-01 18:22:16.058 [main] StepDef -entered url...
[INFO ] 2024-01-01 18:22:16.414 [main] StepDef -User enterted email and password
[INFO ] 2024-01-01 18:22:18.377 [main] StepDef -user logged in...
[INFO ] 2024-01-01 18:22:22.671 [main] StepDef -Browser closed....
[FATAL] 2024-01-01 18:22:24.147 [main] StepDef -setup1 executed...
[INFO ] 2024-01-01 18:22:35.817 [main] StepDef -entered url...
[INFO ] 2024-01-01 18:22:36.326 [main] StepDef -User enterted email and password
[INFO ] 2024-01-01 18:22:39.835 [main] StepDef -user logged in...
[WARN ] 2024-01-01 18:22:41.423 [main] StepDef -Page Title did not match...
[INFO ] 2024-01-01 18:22:43.133 [main] StepDef -User logged out.....
[WARN ] 2024-01-01 18:22:43.216 [main] StepDef -Page Title did not match...
[INFO ] 2024-01-01 18:22:43.665 [main] StepDef -Browser closed....
